<?xml version="1.0" encoding="utf-8"?><testsuites name="pytest tests"><testsuite name="pytest" errors="0" failures="0" skipped="0" tests="9" time="11.230" timestamp="2025-09-10T21:30:01.141416+05:30" hostname="C02GX2FKQ6LR"><testcase classname="tests.test_enhanced_tools.TestSearchTool" name="test_search_tool_initialization" time="0.001" /><testcase classname="tests.test_enhanced_tools.TestSearchTool" name="test_query_optimization" time="0.000" /><testcase classname="tests.test_enhanced_tools.TestSearchTool" name="test_search_result_formatting" time="0.000" /><testcase classname="tests.test_enhanced_tools.TestSearchTool" name="test_empty_query_handling" time="0.000" /><testcase classname="tests.test_tools" name="test_search_tool_initialization" time="0.000" /><testcase classname="tests.test_tools" name="test_search_tool_basic_functionality" time="8.626" /><testcase classname="tests.test_unit_basic" name="test_search_tool_basic_init" time="0.002" /><testcase classname="tests.test_unit_basic" name="test_config_basic" time="0.001" /><testcase classname="tests.test_unit_basic" name="test_search_empty_query" time="0.001" /></testsuite></testsuites>