<?xml version="1.0" encoding="utf-8"?><testsuites name="pytest tests"><testsuite name="pytest" errors="1" failures="0" skipped="0" tests="1" time="2.288" timestamp="2025-09-10T21:17:31.257124+05:30" hostname="C02GX2FKQ6LR"><testcase classname="" name="tests.test_enhanced_tools" time="0.000"><error message="collection failure">'integration' not found in `markers` configuration option</error></testcase></testsuite></testsuites>